{
  "RSpec": {
    "coverage": {
      "/Users/Raefe/Documents/Coding work/Projects/Makers_academy/Week10/bank-tech-test/spec/account_spec.rb": [
        1,
        null,
        1,
        null,
        6,
        null,
        1,
        1,
        1,
        null,
        null,
        null,
        1,
        1,
        1,
        1,
        null,
        null,
        1,
        1,
        1,
        null,
        null,
        null,
        1,
        1,
        1,
        1,
        null,
        1,
        1,
        1,
        null,
        null,
        null
      ],
      "/Users/Raefe/Documents/Coding work/Projects/Makers_academy/Week10/bank-tech-test/lib/account.rb": [
        1,
        1,
        1,
        null,
        1,
        null,
        1,
        5,
        5,
        5,
        null,
        null,
        1,
        2,
        2,
        null,
        null,
        1,
        2,
        2,
        null,
        null,
        1,
        1,
        4,
        null,
        null
      ],
      "/Users/Raefe/Documents/Coding work/Projects/Makers_academy/Week10/bank-tech-test/lib/transaction.rb": [
        1,
        null,
        1,
        4,
        4,
        4,
        4,
        null,
        null,
        1,
        1,
        4,
        null,
        null
      ],
      "/Users/Raefe/Documents/Coding work/Projects/Makers_academy/Week10/bank-tech-test/spec/deposit_spec.rb": [

      ],
      "/Users/Raefe/Documents/Coding work/Projects/Makers_academy/Week10/bank-tech-test/spec/printer_spec.rb": [
        1,
        null,
        1,
        null,
        2,
        2,
        null,
        1,
        1,
        1,
        null,
        null,
        null
      ],
      "/Users/Raefe/Documents/Coding work/Projects/Makers_academy/Week10/bank-tech-test/lib/printer.rb": [
        1,
        null,
        1,
        null,
        1,
        null,
        1,
        1,
        null,
        null,
        1,
        1,
        1,
        1,
        null,
        null,
        null,
        null,
        1,
        1,
        3,
        null,
        null,
        1,
        1,
        1,
        null,
        null
      ],
      "/Users/Raefe/Documents/Coding work/Projects/Makers_academy/Week10/bank-tech-test/spec/withdrawal_spec.rb": [

      ]
    },
    "timestamp": 1524757759
  }
}
